<?xml version="1.0" encoding="UTF-8"?>
<!-- Generated by org.testng.reporters.JUnitReportReporter -->
<testsuite hostname="emerjencylap1" name="com.iso.ppw.test.ui.testNg.PassportTestNg" tests="3" failures="0" timestamp="29 Apr 2016 11:18:21 GMT" time="350.464" errors="0">
  <testcase name="ThirdTest" time="49.192" classname="com.iso.ppw.test.ui.testNg.PassportTestNg"/>
  <testcase name="FirstTest" time="67.161" classname="com.iso.ppw.test.ui.testNg.PassportTestNg"/>
  <testcase name="SecondTest" time="234.111" classname="com.iso.ppw.test.ui.testNg.PassportTestNg"/>
</testsuite> <!-- com.iso.ppw.test.ui.testNg.PassportTestNg -->
